L 16
L 16
L 16
 SET 0
 LGA 0
 LV 1
 TA 0
 POP 0
 LGA 126
 LGA 127
 LV 0
 TA 0
 TA 0
 POP 0
 LGA 129
 LV 0
 TA 0
 POP 0
F 16 2
 LV 0
 RET 0
L 33
L 33
 SET 0
 LGA 126
 DER 0
 LGA 127
 DER 0
 >= 0
L 39
 JF 0
 LPA 8
 LGA 1
 LV 25
 LGA 0
 DER 0
 CAL 3
 LV 0
 == 0
L 48
 JF 0
 LGA 26
 LV 0
 + 0
 LV 4
 TA 0
 POP 0
 LGA 127
 LV 1
 TA 0
 POP 0
L 59
 J 0
L 60
F 48 60
 LGA 127
 LPA 11
 LGA 1
 LGA 26
 CAL 2
 TA 0
 POP 0
L 67
F 59 67
 LGA 126
 LV 0
 TA 0
 POP 0
 LGA 129
 LGA 129
 DER 0
 LV 1
 + 0
 TA 0
 POP 0
L 78
F 39 78
 LGA 128
 LGA 26
 LGA 126
 DER 0
 + 0
 DER 0
 LV 128
 % 0
 TA 0
 POP 0
 LGA 128
 DER 0
 LV 4
 != 0
L 92
 JF 0
 LGA 126
 LGA 126
 DER 0
 LV 1
 + 0
 TA 0
 POP 0
L 100
F 92 100
F 33 2
 LV 0
 RET 0
L 102
L 102
 SET 0
 LA 0
 DER 0
 LV 10
 >= 0
L 107
 JF 0
 LPA 102
 LA 0
 DER 0
 LV 10
 / 0
 LA 1
 DER 0
 CAL 2
 POP 0
L 117
F 107 117
 LPA 7
 LA 0
 DER 0
 LV 10
 % 0
 LV 48
 + 0
 LA 1
 DER 0
 CAL 2
 POP 0
F 102 4
 LV 0
 RET 2
L 130
L 130
 SET 0
 LA 0
 DER 0
 LV 0
 < 0
L 135
 JF 0
 LA 0
 LA 0
 DER 0
 NEG 0
 TA 0
 POP 0
 LPA 7
 LV 45
 LA 1
 DER 0
 CAL 2
 POP 0
 LA 0
 DER 0
 LV 0
 < 0
L 152
 JF 0
 LPA 9
L 154
 J 0
L 155
 DS 50 49 52 55
 DS 52 56 51 54
 DS 52 56 0 0
L 158
F 154 158
 LPA 155
 LA 1
 DER 0
 CAL 2
 POP 0
 LV 0
 RET 2
L 165
F 152 165
L 165
F 135 165
 LPA 102
 LA 0
 DER 0
 LA 1
 DER 0
 CAL 2
 POP 0
F 130 4
 LV 0
 RET 2
L 174
L 174
 SET 0
 LPA 130
 LGA 129
 DER 0
 LV 3
 CAL 2
 POP 0
 LPA 9
L 182
 J 0
L 183
 DS 58 58 83 89
 DS 83 84 69 77
 DS 58 58 0 0
L 186
F 182 186
 LPA 183
 LV 3
 CAL 2
 POP 0
 LPA 9
 L 0
 LV 3
 CAL 2
 POP 0
 LPA 7
 LV 0
 LV 3
 CAL 2
 POP 0
 LPA 0
 LV 1
 NEG 0
 CAL 1
 POP 0
F 174 3
 LV 0
 RET 1
L 207
L 207
 SET 0
 LA 7
 LV 0
 TA 0
 POP 0
 LA 6
 LV 0
 TA 0
 POP 0
L 216
 LA 6
 DER 0
 LA 1
 DER 0
 != 0
L 221
 JF 0
 LA 7
 LA 7
 DER 0
 LA 2
 DER 0
 * 0
 L 0
 LA 6
 DER 0
 + 0
 DER 0
 + 0
 LA 3
 DER 0
 % 0
 TA 0
 POP 0
 LA 6
 LA 6
 DER 0
 LV 1
 + 0
 TA 0
 POP 0
 J 216
L 247
F 221 247
 LA 7
 DER 0
 RET 4
F 207 8
 LV 0
 RET 4
L 252
L 252
 SET 0
 LA 104
 LPA 11
 L 0
 LA 4
 CAL 2
 TA 0
 POP 0
 LA 105
 LPA 207
 LA 4
 LA 104
 DER 0
 LV 2
 LV 7
 CAL 4
 TA 0
 POP 0
 LGA 2178
 LA 105
 DER 0
 + 0
 LGA 2177
 DER 0
 TA 0
 POP 0
 LGA 2159
 LA 105
 DER 0
 + 0
 LA 1
 DER 0
 TA 0
 POP 0
 LGA 2177
 LGA 2177
 DER 0
 LPA 10
 LA 4
 LA 104
 DER 0
 LGA 2166
 LGA 2177
 DER 0
 + 0
 CAL 3
 + 0
 TA 0
 POP 0
F 252 106
 LV 0
 RET 2
L 303
L 303
 SET 0
 LA 2
 LV 0
 TA 0
 POP 0
L 308
 LA 2
 DER 0
 LV 7
 != 0
L 312
 JF 0
 LGA 2159
 LA 2
 DER 0
 + 0
 LV 6
 TA 0
 POP 0
 LGA 2178
 LA 2
 DER 0
 + 0
 LV 0
 TA 0
 POP 0
 LA 2
 LA 2
 DER 0
 LV 1
 + 0
 TA 0
 POP 0
 J 308
L 335
F 312 335
 LGA 2166
 LV 0
 + 0
 LV 0
 TA 0
 POP 0
 LGA 2177
 LV 1
 TA 0
 POP 0
 LPA 252
L 346
 J 0
L 347
 DS 101 108 115 101
 DS 0 0 0 0
L 349
F 346 349
 LPA 347
 LV 0
 CAL 2
 POP 0
 LPA 252
L 354
 J 0
L 355
 DS 101 110 117 109
 DS 0 0 0 0
L 357
F 354 357
 LPA 355
 LV 1
 CAL 2
 POP 0
 LPA 252
L 362
 J 0
L 363
 DS 105 102 0 0
L 364
F 362 364
 LPA 363
 LV 2
 CAL 2
 POP 0
 LPA 252
L 369
 J 0
L 370
 DS 105 110 116 0
L 371
F 369 371
 LPA 370
 LV 3
 CAL 2
 POP 0
 LPA 252
L 376
 J 0
L 377
 DS 114 101 116 117
 DS 114 110 0 0
L 379
F 376 379
 LPA 377
 LV 4
 CAL 2
 POP 0
 LPA 252
L 384
 J 0
L 385
 DS 119 104 105 108
 DS 101 0 0 0
L 387
F 384 387
 LPA 385
 LV 5
 CAL 2
 POP 0
 LGA 2177
 DER 0
 LV 11
 != 0
L 395
 JF 0
 LPA 174
L 397
 J 0
L 398
 DS 114 101 115 101
 DS 114 118 101 100
 DS 32 119 111 114
 DS 100 32 112 114
 DS 101 112 97 114
 DS 97 116 105 111
 DS 110 0 0 0
L 405
F 397 405
 LPA 398
 CAL 1
 POP 0
L 408
F 395 408
F 303 3
 LV 0
 RET 0
L 410
L 410
 SET 0
 LA 30
 LPA 207
 L 0
 LA 1
 DER 0
 LV 2
 LV 7
 CAL 4
 TA 0
 POP 0
 LA 32
 LGA 2178
 LA 30
 DER 0
 + 0
 DER 0
 TA 0
 POP 0
 LA 29
 LPA 10
 L 0
 LA 1
 DER 0
 LA 4
 CAL 3
 TA 0
 POP 0
 LA 31
 LV 0
 TA 0
 POP 0
L 442
 LA 31
 DER 0
 LA 29
 DER 0
 != 0
 LA 4
 LA 31
 DER 0
 + 0
 DER 0
 LGA 2166
 LA 32
 DER 0
 LA 31
 DER 0
 + 0
 + 0
 DER 0
 == 0
 && 0
L 462
 JF 0
 LA 31
 LA 31
 DER 0
 LV 1
 + 0
 TA 0
 POP 0
 J 442
L 471
F 462 471
 LA 31
 DER 0
 LA 29
 DER 0
 == 0
L 476
 JF 0
 LGA 130
 LGA 2159
 LA 30
 DER 0
 + 0
 DER 0
 TA 0
 POP 0
L 485
 J 0
L 486
F 476 486
 LGA 130
 LV 6
 TA 0
 POP 0
L 490
F 485 490
 LGA 130
 DER 0
 LV 6
 != 0
 RET 2
F 410 33
 LV 0
 RET 2
L 497
L 497
 SET 0
 LA 2
 LV 0
 TA 0
 POP 0
L 502
 LA 2
 DER 0
 LV 128
 != 0
L 506
 JF 0
 LGA 2185
 LA 2
 DER 0
 + 0
L 511
 J 0
L 512
 DC -1
L 513
F 511 513
 LP 512
 TA 0
 POP 0
 LA 2
 LA 2
 DER 0
 LV 1
 + 0
 TA 0
 POP 0
 J 502
L 524
F 506 524
 LGA 2158
 LV 0
 TA 0
 POP 0
F 497 3
 LV 0
 RET 0
L 530
L 530
 SET 0
 LA 30
 LPA 207
 L 0
 LA 1
 DER 0
 LV 53
 LV 128
 CAL 4
 TA 0
 POP 0
 LA 31
 LGA 2185
 LA 30
 DER 0
 + 0
 DER 0
 TA 0
 POP 0
 LA 29
 LPA 10
 L 0
 LA 1
 DER 0
 LA 4
 CAL 3
 TA 0
 POP 0
 LA 4
 LA 29
 DER 0
 + 0
 LV 2147483647
 TA 0
 POP 0
 LA 33
 LV 0
 TA 0
 POP 0
L 569
 LA 31
 DER 0
L 571
 J 0
L 572
 DC -1
L 573
F 571 573
 LP 572
 != 0
 LA 4
 LA 33
 DER 0
 + 0
 DER 0
 LV 2147483647
 != 0
 && 0
L 583
 JF 0
 LA 33
 LV 0
 TA 0
 POP 0
L 588
 LA 4
 LA 33
 DER 0
 + 0
 DER 0
 LGA 158
 LA 31
 DER 0
 LV 2
 + 0
 LA 33
 DER 0
 + 0
 + 0
 DER 0
 == 0
L 604
 JF 0
 LA 33
 LA 33
 DER 0
 LV 1
 + 0
 TA 0
 POP 0
 J 588
L 613
F 604 613
 LA 32
 LA 31
 DER 0
 TA 0
 POP 0
 LA 31
 LGA 158
 LA 31
 DER 0
 LV 1
 + 0
 + 0
 DER 0
 TA 0
 POP 0
 J 569
L 629
F 583 629
 LA 4
 LA 33
 DER 0
 + 0
 DER 0
 LV 2147483647
 == 0
L 636
 JF 0
 LA 32
 DER 0
 RET 2
L 640
F 636 640
 LGA 2158
 DER 0
 LV 2
 + 0
 LA 29
 DER 0
 + 0
 LV 2000
 > 0
L 649
 JF 0
 LPA 174
L 651
 J 0
L 652
 DS 115 112 101 108
 DS 108 95 116 97
 DS 98 108 101 32
 DS 111 118 101 114
 DS 102 108 111 119
 DS 0 0 0 0
L 658
F 651 658
 LPA 652
 CAL 1
 POP 0
L 661
F 649 661
 LA 32
 LGA 2158
 DER 0
 TA 0
 POP 0
 LGA 158
 LA 32
 DER 0
 LV 0
 + 0
 + 0
 LV 0
 TA 0
 POP 0
 LGA 158
 LA 32
 DER 0
 LV 1
 + 0
 + 0
 LGA 2185
 LA 30
 DER 0
 + 0
 DER 0
 TA 0
 POP 0
 LGA 2185
 LA 30
 DER 0
 + 0
 LA 32
 DER 0
 TA 0
 POP 0
 LA 33
 LV 0
 TA 0
 POP 0
L 700
 LA 33
 DER 0
 LA 29
 DER 0
 != 0
L 705
 JF 0
 LGA 158
 LA 32
 DER 0
 LV 2
 + 0
 LA 33
 DER 0
 + 0
 + 0
 LA 4
 LA 33
 DER 0
 + 0
 DER 0
 TA 0
 POP 0
 LA 33
 LA 33
 DER 0
 LV 1
 + 0
 TA 0
 POP 0
 J 700
L 730
F 705 730
 LGA 2158
 LGA 2158
 DER 0
 LV 2
 + 0
 LA 29
 DER 0
 + 0
 TA 0
 POP 0
 LA 32
 DER 0
 RET 2
F 530 34
 LV 0
 RET 2
L 745
L 745
 SET 0
 LGA 2313
 LA 0
 DER 0
 + 0
 LA 1
 DER 0
 LV 16777216
 * 0
 LA 2
 DER 0
 LV 65536
 * 0
 + 0
 LA 3
 DER 0
 LV 256
 * 0
 + 0
 LA 4
 DER 0
 LV 1
 * 0
 + 0
 TA 0
 POP 0
F 745 7
 LV 0
 RET 5
L 773
L 773
 SET 0
 LA 2
 LV 0
 TA 0
 POP 0
L 778
 LA 2
 DER 0
 LV 128
 != 0
L 782
 JF 0
 LPA 745
 LA 2
 DER 0
 LV 1
 LV 0
 LV 0
 LV 34
 CAL 5
 POP 0
 LA 2
 LA 2
 DER 0
 LV 1
 + 0
 TA 0
 POP 0
 J 778
L 800
F 782 800
 LA 2
 LV 97
 TA 0
 POP 0
L 804
 LA 2
 DER 0
 LV 102
 <= 0
L 808
 JF 0
 LPA 745
 LA 2
 DER 0
 LV 4
 LV 0
 LV 0
 LA 2
 DER 0
 LV 97
 - 0
 LV 10
 + 0
 CAL 5
 POP 0
 LA 2
 LA 2
 DER 0
 LV 1
 + 0
 TA 0
 POP 0
 J 804
L 831
F 808 831
 LA 2
 LV 103
 TA 0
 POP 0
L 835
 LA 2
 DER 0
 LV 122
 <= 0
L 839
 JF 0
 LPA 745
 LA 2
 DER 0
 LV 3
 LV 0
 LV 0
 LV 0
 CAL 5
 POP 0
 LA 2
 LA 2
 DER 0
 LV 1
 + 0
 TA 0
 POP 0
 J 835
L 857
F 839 857
 LA 2
 LV 65
 TA 0
 POP 0
L 861
 LA 2
 DER 0
 LV 70
 <= 0
L 865
 JF 0
 LPA 745
 LA 2
 DER 0
 LV 4
 LV 0
 LV 0
 LA 2
 DER 0
 LV 65
 - 0
 LV 10
 + 0
 CAL 5
 POP 0
 LA 2
 LA 2
 DER 0
 LV 1
 + 0
 TA 0
 POP 0
 J 861
L 888
F 865 888
 LA 2
 LV 71
 TA 0
 POP 0
L 892
 LA 2
 DER 0
 LV 90
 <= 0
L 896
 JF 0
 LPA 745
 LA 2
 DER 0
 LV 3
 LV 0
 LV 0
 LV 0
 CAL 5
 POP 0
 LA 2
 LA 2
 DER 0
 LV 1
 + 0
 TA 0
 POP 0
 J 892
L 914
F 896 914
 LA 2
 LV 48
 TA 0
 POP 0
L 918
 LA 2
 DER 0
 LV 55
 <= 0
L 922
 JF 0
 LPA 745
 LA 2
 DER 0
 LV 5
 LV 0
 LV 0
 LA 2
 DER 0
 LV 48
 - 0
 CAL 5
 POP 0
 LA 2
 LA 2
 DER 0
 LV 1
 + 0
 TA 0
 POP 0
 J 918
L 943
F 922 943
 LA 2
 LV 56
 TA 0
 POP 0
L 947
 LA 2
 DER 0
 LV 57
 <= 0
L 951
 JF 0
 LPA 745
 LA 2
 DER 0
 LV 6
 LV 0
 LV 0
 LA 2
 DER 0
 LV 48
 - 0
 CAL 5
 POP 0
 LA 2
 LA 2
 DER 0
 LV 1
 + 0
 TA 0
 POP 0
 J 947
L 972
F 951 972
 LPA 745
 LV 95
 LV 3
 LV 0
 LV 0
 LV 0
 CAL 5
 POP 0
 LPA 745
 LV 4
 LV 1
 LV 0
 LV 0
 LV 35
 CAL 5
 POP 0
 LPA 745
 LV 32
 LV 0
 LV 0
 LV 0
 LV 0
 CAL 5
 POP 0
 LPA 745
 LV 10
 LV 0
 LV 0
 LV 0
 LV 0
 CAL 5
 POP 0
 LPA 745
 LV 13
 LV 0
 LV 0
 LV 0
 LV 0
 CAL 5
 POP 0
 LPA 745
 LV 9
 LV 0
 LV 0
 LV 0
 LV 0
 CAL 5
 POP 0
 LPA 745
 LV 11
 LV 0
 LV 0
 LV 0
 LV 0
 CAL 5
 POP 0
 LPA 745
 LV 12
 LV 0
 LV 0
 LV 0
 LV 0
 CAL 5
 POP 0
 LPA 745
 LV 40
 LV 1
 LV 0
 LV 0
 LV 28
 CAL 5
 POP 0
 LPA 745
 LV 41
 LV 1
 LV 0
 LV 0
 LV 29
 CAL 5
 POP 0
 LPA 745
 LV 91
 LV 1
 LV 0
 LV 0
 LV 30
 CAL 5
 POP 0
 LPA 745
 LV 93
 LV 1
 LV 0
 LV 0
 LV 31
 CAL 5
 POP 0
 LPA 745
 LV 123
 LV 1
 LV 0
 LV 0
 LV 32
 CAL 5
 POP 0
 LPA 745
 LV 125
 LV 1
 LV 0
 LV 0
 LV 33
 CAL 5
 POP 0
 LPA 745
 LV 44
 LV 1
 LV 0
 LV 0
 LV 26
 CAL 5
 POP 0
 LPA 745
 LV 59
 LV 1
 LV 0
 LV 0
 LV 27
 CAL 5
 POP 0
 LPA 745
 LV 43
 LV 1
 LV 0
 LV 0
 LV 10
 CAL 5
 POP 0
 LPA 745
 LV 45
 LV 1
 LV 0
 LV 0
 LV 11
 CAL 5
 POP 0
 LPA 745
 LV 42
 LV 1
 LV 0
 LV 0
 LV 14
 CAL 5
 POP 0
 LPA 745
 LV 37
 LV 1
 LV 0
 LV 0
 LV 16
 CAL 5
 POP 0
 LPA 745
 LV 34
 LV 1
 LV 0
 LV 0
 LV 9
 CAL 5
 POP 0
 LPA 745
 LV 39
 LV 1
 LV 0
 LV 0
 LV 8
 CAL 5
 POP 0
 LPA 745
 LV 61
 LV 2
 LV 21
 LV 61
 LV 25
 CAL 5
 POP 0
 LPA 745
 LV 124
 LV 2
 LV 24
 LV 124
 LV 34
 CAL 5
 POP 0
 LPA 745
 LV 38
 LV 2
 LV 23
 LV 38
 LV 13
 CAL 5
 POP 0
 LPA 745
 LV 33
 LV 2
 LV 22
 LV 61
 LV 12
 CAL 5
 POP 0
 LPA 745
 LV 60
 LV 2
 LV 18
 LV 61
 LV 17
 CAL 5
 POP 0
 LPA 745
 LV 62
 LV 2
 LV 20
 LV 61
 LV 19
 CAL 5
 POP 0
 LPA 745
 LV 47
 LV 2
 LV 36
 LV 42
 LV 15
 CAL 5
 POP 0
 LA 2
 LV 0
 TA 0
 POP 0
L 1208
 LA 2
 DER 0
 LV 128
 != 0
L 1212
 JF 0
 LGA 2441
 LA 2
 DER 0
 + 0
 LA 2
 DER 0
 TA 0
 POP 0
 LA 2
 LA 2
 DER 0
 LV 1
 + 0
 TA 0
 POP 0
 J 1208
L 1229
F 1212 1229
 LA 2
 LV 48
 TA 0
 POP 0
L 1233
 LA 2
 DER 0
 LV 55
 <= 0
L 1237
 JF 0
 LGA 2441
 LA 2
 DER 0
 + 0
L 1242
 J 0
L 1243
 DC -1
L 1244
F 1242 1244
 LP 1243
 TA 0
 POP 0
 LA 2
 LA 2
 DER 0
 LV 1
 + 0
 TA 0
 POP 0
 J 1233
L 1255
F 1237 1255
 LGA 2441
 LV 120
 + 0
 LGA 2441
 LV 88
 + 0
L 1261
 J 0
L 1262
 DC -2
L 1263
F 1261 1263
 LP 1262
 TA 0
 TA 0
 POP 0
 LGA 2441
 LV 4
 + 0
 LGA 2441
 LV 10
 + 0
L 1273
 J 0
L 1274
 DC -3
L 1275
F 1273 1275
 LP 1274
 TA 0
 TA 0
 POP 0
 LGA 2441
 LV 97
 + 0
 LV 7
 TA 0
 POP 0
 LGA 2441
 LV 98
 + 0
 LV 8
 TA 0
 POP 0
 LGA 2441
 LV 102
 + 0
 LV 12
 TA 0
 POP 0
 LGA 2441
 LV 110
 + 0
 LV 10
 TA 0
 POP 0
 LGA 2441
 LV 114
 + 0
 LV 13
 TA 0
 POP 0
 LGA 2441
 LV 116
 + 0
 LV 9
 TA 0
 POP 0
 LGA 2441
 LV 118
 + 0
 LV 11
 TA 0
 POP 0
F 773 3
 LV 0
 RET 0
L 1323
L 1323
 SET 0
 LGA 131
 LV 0
 TA 0
 POP 0
 LGA 128
 DER 0
 LV 48
 != 0
L 1332
 JF 0
L 1333
 LGA 2313
 LGA 128
 DER 0
 + 0
 DER 0
 LV 16777216
 / 0
 LV 5
 >= 0
L 1342
 JF 0
 LGA 131
 LGA 131
 DER 0
 LV 10
 * 0
 LGA 128
 DER 0
 + 0
 LV 48
 - 0
 TA 0
 POP 0
 LPA 33
 CAL 0
 POP 0
 J 1333
L 1359
F 1342 1359
L 1359
 J 0
L 1360
F 1332 1360
 LPA 33
 CAL 0
 POP 0
 LGA 2441
 LGA 128
 DER 0
 + 0
 DER 0
L 1368
 J 0
L 1369
 DC -2
L 1370
F 1368 1370
 LP 1369
 == 0
L 1372
 JF 0
 LPA 33
 CAL 0
 POP 0
L 1376
 LGA 2313
 LGA 128
 DER 0
 + 0
 DER 0
 LV 16777216
 / 0
 LV 4
 >= 0
L 1385
 JF 0
 LGA 131
 LGA 131
 DER 0
 LV 16
 * 0
 LGA 2313
 LGA 128
 DER 0
 + 0
 DER 0
 LV 16
 % 0
 + 0
 TA 0
 POP 0
 LPA 33
 CAL 0
 POP 0
 J 1376
L 1405
F 1385 1405
L 1405
 J 0
L 1406
F 1372 1406
L 1406
 LGA 2313
 LGA 128
 DER 0
 + 0
 DER 0
 LV 16777216
 / 0
 LV 5
 == 0
L 1415
 JF 0
 LGA 131
 LGA 131
 DER 0
 LV 8
 * 0
 LGA 2313
 LGA 128
 DER 0
 + 0
 DER 0
 LV 8
 % 0
 + 0
 TA 0
 POP 0
 LPA 33
 CAL 0
 POP 0
 J 1406
L 1435
F 1415 1435
L 1435
F 1405 1435
L 1435
F 1359 1435
F 1323 2
 LV 0
 RET 0
L 1437
L 1437
 SET 0
 LPA 33
 CAL 0
 POP 0
 LA 2
 LGA 2441
 LGA 128
 DER 0
 + 0
 DER 0
 TA 0
 POP 0
 LA 2
 DER 0
 LV 0
 < 0
L 1453
 JF 0
 LA 2
 DER 0
L 1456
 J 0
L 1457
 DC -1
L 1458
F 1456 1458
 LP 1457
 == 0
L 1460
 JF 0
 LA 2
 LGA 2313
 LGA 128
 DER 0
 + 0
 DER 0
 LV 8
 % 0
 TA 0
 POP 0
 LA 3
 LV 1
 TA 0
 POP 0
 LPA 33
 CAL 0
 POP 0
L 1478
 LGA 2313
 LGA 128
 DER 0
 + 0
 DER 0
 LV 16777216
 / 0
 LV 5
 == 0
L 1487
 JF 0
 LA 2
 LA 2
 DER 0
 LV 8
 * 0
 LGA 2313
 LGA 128
 DER 0
 + 0
 DER 0
 LV 8
 % 0
 + 0
 TA 0
 POP 0
 LA 3
 LA 3
 DER 0
 LV 1
 + 0
 TA 0
 POP 0
 LPA 33
 CAL 0
 POP 0
 J 1478
L 1514
F 1487 1514
 LA 3
 DER 0
 LV 3
 > 0
L 1518
 JF 0
 LGA 130
 LV 34
 TA 0
 POP 0
L 1523
F 1518 1523
L 1523
 J 0
L 1524
F 1460 1524
 LA 2
 DER 0
L 1526
 J 0
L 1527
 DC -2
L 1528
F 1526 1528
 LP 1527
 == 0
L 1530
 JF 0
 LPA 33
 CAL 0
 POP 0
 LA 2
 LV 0
 TA 0
 POP 0
 LA 3
 LV 0
 TA 0
 POP 0
L 1542
 LGA 2313
 LGA 128
 DER 0
 + 0
 DER 0
 LV 16777216
 / 0
 LV 4
 >= 0
L 1551
 JF 0
 LA 2
 LA 2
 DER 0
 LV 16
 * 0
 LGA 2313
 LGA 128
 DER 0
 + 0
 DER 0
 LV 16
 % 0
 + 0
 TA 0
 POP 0
 LA 3
 LA 3
 DER 0
 LV 1
 + 0
 TA 0
 POP 0
 LPA 33
 CAL 0
 POP 0
 J 1542
L 1578
F 1551 1578
 LA 3
 DER 0
 LV 0
 == 0
 LA 3
 DER 0
 LV 2
 > 0
 || 0
L 1587
 JF 0
 LGA 130
 LV 34
 TA 0
 POP 0
L 1592
F 1587 1592
L 1592
 J 0
L 1593
F 1530 1593
 LGA 130
 LV 34
 TA 0
 POP 0
 LA 2
 LV 0
 TA 0
 POP 0
L 1601
F 1592 1601
L 1601
F 1523 1601
L 1601
 J 0
L 1602
F 1453 1602
 LPA 33
 CAL 0
 POP 0
L 1605
F 1601 1605
 LA 2
 DER 0
 RET 0
F 1437 4
 LV 0
 RET 0
L 1610
L 1610
 SET 0
 LGA 128
 DER 0
 LV 4
 == 0
 LGA 128
 DER 0
 LV 10
 == 0
 || 0
 LGA 128
 DER 0
 LV 39
 == 0
 || 0
L 1625
 JF 0
 LGA 130
 LV 34
 TA 0
 POP 0
L 1630
 J 0
L 1631
F 1625 1631
 LGA 128
 DER 0
 LV 92
 == 0
L 1635
 JF 0
 LGA 131
 LPA 1437
 CAL 0
 TA 0
 POP 0
L 1641
 J 0
L 1642
F 1635 1642
 LGA 131
 LGA 128
 DER 0
 TA 0
 POP 0
 LPA 33
 CAL 0
 POP 0
L 1650
F 1641 1650
L 1650
F 1630 1650
 LGA 128
 DER 0
 LV 39
 == 0
L 1654
 JF 0
 LPA 33
 CAL 0
 POP 0
L 1658
 J 0
L 1659
F 1654 1659
 LGA 130
 LV 34
 TA 0
 POP 0
L 1663
F 1658 1663
F 1610 2
 LV 0
 RET 0
L 1665
L 1665
 SET 0
 LA 102
 LV 0
 TA 0
 POP 0
L 1670
 LGA 128
 DER 0
 LV 4
 != 0
 LGA 128
 DER 0
 LV 10
 != 0
 && 0
 LGA 128
 DER 0
 LV 34
 != 0
 && 0
L 1684
 JF 0
 LGA 128
 DER 0
 LV 92
 != 0
L 1689
 JF 0
 LA 103
 LGA 128
 DER 0
 TA 0
 POP 0
 LPA 33
 CAL 0
 POP 0
L 1698
 J 0
L 1699
F 1689 1699
 LA 103
 LPA 1437
 CAL 0
 TA 0
 POP 0
L 1704
F 1698 1704
 LA 2
 LA 102
 DER 0
 + 0
 LA 103
 DER 0
 TA 0
 POP 0
 LA 102
 LA 102
 DER 0
 LV 1
 + 0
 TA 0
 POP 0
 J 1670
L 1720
F 1684 1720
 LGA 128
 DER 0
 LV 34
 == 0
L 1724
 JF 0
 LPA 33
 CAL 0
 POP 0
L 1728
 J 0
L 1729
F 1724 1729
 LGA 130
 LV 34
 TA 0
 POP 0
L 1733
F 1728 1733
 LPA 10
 LA 2
 LA 102
 DER 0
 LGA 133
 CAL 3
 POP 0
F 1665 104
 LV 0
 RET 0
L 1742
L 1742
 SET 0
L 1743
 LGA 128
 DER 0
 LV 4
 != 0
 LGA 128
 DER 0
 LV 42
 != 0
 && 0
L 1752
 JF 0
 LPA 33
 CAL 0
 POP 0
 J 1743
L 1757
F 1752 1757
L 1757
 LGA 128
 DER 0
 LV 42
 == 0
L 1761
 JF 0
 LPA 33
 CAL 0
 POP 0
 LGA 128
 DER 0
 LV 47
 == 0
L 1769
 JF 0
 LPA 33
 CAL 0
 POP 0
 LV 0
 RET 0
L 1775
F 1769 1775
L 1775
 LGA 128
 DER 0
 LV 4
 != 0
 LGA 128
 DER 0
 LV 42
 != 0
 && 0
L 1784
 JF 0
 LPA 33
 CAL 0
 POP 0
 J 1775
L 1789
F 1784 1789
 J 1757
L 1790
F 1761 1790
 LGA 128
 LV 35
 TA 0
 POP 0
F 1742 2
 LV 0
 RET 0
L 1796
L 1796
 SET 0
 LA 102
 LV 0
 TA 0
 POP 0
L 1801
 LGA 2313
 LGA 128
 DER 0
 + 0
 DER 0
 LV 16777216
 / 0
 LV 3
 >= 0
L 1810
 JF 0
 LA 2
 LA 102
 DER 0
 + 0
 LGA 128
 DER 0
 TA 0
 POP 0
 LA 102
 LA 102
 DER 0
 LV 1
 + 0
 TA 0
 POP 0
 LPA 33
 CAL 0
 POP 0
 J 1801
L 1830
F 1810 1830
 LPA 410
 LA 2
 LA 102
 DER 0
 CAL 2
L 1835
 JF 0
 LV 0
 RET 0
L 1838
F 1835 1838
 LGA 132
 LPA 530
 LA 2
 LA 102
 DER 0
 CAL 2
 TA 0
 POP 0
F 1796 103
 LV 0
 RET 0
L 1848
L 1848
 SET 0
L 1849
 LGA 2313
 LGA 128
 DER 0
 + 0
 DER 0
 LV 16777216
 / 0
 LV 0
 == 0
L 1858
 JF 0
 LPA 33
 CAL 0
 POP 0
 J 1849
L 1863
F 1858 1863
 LGA 2313
 LGA 128
 DER 0
 + 0
 DER 0
 LV 16777216
 / 0
 LV 3
 < 0
L 1872
 JF 0
 LGA 130
 LGA 2313
 LGA 128
 DER 0
 + 0
 DER 0
 LV 256
 % 0
 TA 0
 POP 0
 LGA 2313
 LGA 128
 DER 0
 + 0
 DER 0
 LV 16777216
 / 0
 LV 1
 == 0
L 1892
 JF 0
 LGA 130
 DER 0
 LV 35
 != 0
L 1897
 JF 0
 LPA 33
 CAL 0
 POP 0
L 1901
F 1897 1901
 LGA 130
 DER 0
 LV 9
 == 0
L 1905
 JF 0
 LPA 1665
 CAL 0
 POP 0
 LV 0
 RET 0
L 1911
F 1905 1911
 LGA 130
 DER 0
 LV 8
 == 0
L 1915
 JF 0
 LPA 1610
 CAL 0
 POP 0
 LV 0
 RET 0
L 1921
F 1915 1921
L 1921
 J 0
L 1922
F 1892 1922
 LA 2
 LGA 128
 DER 0
 TA 0
 POP 0
 LPA 33
 CAL 0
 POP 0
 LGA 128
 DER 0
 LGA 2313
 LA 2
 DER 0
 + 0
 DER 0
 LV 256
 / 0
 LV 256
 % 0
 == 0
L 1942
 JF 0
 LGA 130
 LGA 2313
 LA 2
 DER 0
 + 0
 DER 0
 LV 65536
 / 0
 LV 256
 % 0
 TA 0
 POP 0
 LPA 33
 CAL 0
 POP 0
L 1958
F 1942 1958
 LGA 130
 DER 0
 LV 36
 == 0
L 1962
 JF 0
 LPA 1742
 CAL 0
 POP 0
 LV 0
 RET 0
L 1968
F 1962 1968
L 1968
F 1921 1968
L 1968
 J 0
L 1969
F 1872 1969
 LGA 2313
 LGA 128
 DER 0
 + 0
 DER 0
 LV 16777216
 / 0
 LV 5
 >= 0
L 1978
 JF 0
 LGA 130
 LV 7
 TA 0
 POP 0
 LPA 1323
 CAL 0
 POP 0
L 1986
 J 0
L 1987
F 1978 1987
 LGA 130
 LV 6
 TA 0
 POP 0
 LPA 1796
 CAL 0
 POP 0
L 1994
F 1986 1994
L 1994
F 1968 1994
F 1848 3
 LV 0
 RET 0
L 1996
L 1996
 SET 0
 LPA 303
 CAL 0
 POP 0
 LPA 497
 CAL 0
 POP 0
 LPA 773
 CAL 0
 POP 0
 LPA 16
 CAL 0
 POP 0
 LPA 33
 CAL 0
 POP 0
F 1996 2
 LV 0
 RET 0
L 2014
L 2014
 SET 0
 LA 24
 LPA 11
 L 1
 LA 4
 CAL 2
 TA 0
 POP 0
 LGA 2670
 LA 0
 DER 0
 + 0
 LGA 2669
 DER 0
 TA 0
 POP 0
 LGA 2669
 LGA 2669
 DER 0
 LPA 10
 LA 4
 LA 24
 DER 0
 LGA 2569
 LGA 2669
 DER 0
 + 0
 CAL 3
 + 0
 TA 0
 POP 0
F 2014 25
 LV 0
 RET 2
L 2047
L 2047
 SET 0
 LGA 2669
 LV 0
 TA 0
 POP 0
 LPA 2014
 LV 0
L 2054
 J 0
L 2055
 DS 101 108 115 101
 DS 0 0 0 0
L 2057
F 2054 2057
 LPA 2055
 CAL 2
 POP 0
 LPA 2014
 LV 1
L 2062
 J 0
L 2063
 DS 101 110 117 109
 DS 0 0 0 0
L 2065
F 2062 2065
 LPA 2063
 CAL 2
 POP 0
 LPA 2014
 LV 2
L 2070
 J 0
L 2071
 DS 105 102 0 0
L 2072
F 2070 2072
 LPA 2071
 CAL 2
 POP 0
 LPA 2014
 LV 3
L 2077
 J 0
L 2078
 DS 105 110 116 0
L 2079
F 2077 2079
 LPA 2078
 CAL 2
 POP 0
 LPA 2014
 LV 4
L 2084
 J 0
L 2085
 DS 114 101 116 117
 DS 114 110 0 0
L 2087
F 2084 2087
 LPA 2085
 CAL 2
 POP 0
 LPA 2014
 LV 5
L 2092
 J 0
L 2093
 DS 119 104 105 108
 DS 101 0 0 0
L 2095
F 2092 2095
 LPA 2093
 CAL 2
 POP 0
 LPA 2014
 LV 6
L 2100
 J 0
L 2101
 DS 78 97 109 101
 DS 0 0 0 0
L 2103
F 2100 2103
 LPA 2101
 CAL 2
 POP 0
 LPA 2014
 LV 7
L 2108
 J 0
L 2109
 DS 105 110 116 101
 DS 103 101 114 0
L 2111
F 2108 2111
 LPA 2109
 CAL 2
 POP 0
 LPA 2014
 LV 8
L 2116
 J 0
L 2117
 DS 99 104 97 114
 DS 97 99 116 101
 DS 114 0 0 0
L 2120
F 2116 2120
 LPA 2117
 CAL 2
 POP 0
 LPA 2014
 LV 9
L 2125
 J 0
L 2126
 DS 115 116 114 105
 DS 110 103 0 0
L 2128
F 2125 2128
 LPA 2126
 CAL 2
 POP 0
 LPA 2014
 LV 10
L 2133
 J 0
L 2134
 DS 43 0 0 0
L 2135
F 2133 2135
 LPA 2134
 CAL 2
 POP 0
 LPA 2014
 LV 11
L 2140
 J 0
L 2141
 DS 45 0 0 0
L 2142
F 2140 2142
 LPA 2141
 CAL 2
 POP 0
 LPA 2014
 LV 12
L 2147
 J 0
L 2148
 DS 33 0 0 0
L 2149
F 2147 2149
 LPA 2148
 CAL 2
 POP 0
 LPA 2014
 LV 13
L 2154
 J 0
L 2155
 DS 38 0 0 0
L 2156
F 2154 2156
 LPA 2155
 CAL 2
 POP 0
 LPA 2014
 LV 14
L 2161
 J 0
L 2162
 DS 42 0 0 0
L 2163
F 2161 2163
 LPA 2162
 CAL 2
 POP 0
 LPA 2014
 LV 15
L 2168
 J 0
L 2169
 DS 47 0 0 0
L 2170
F 2168 2170
 LPA 2169
 CAL 2
 POP 0
 LPA 2014
 LV 16
L 2175
 J 0
L 2176
 DS 37 0 0 0
L 2177
F 2175 2177
 LPA 2176
 CAL 2
 POP 0
 LPA 2014
 LV 17
L 2182
 J 0
L 2183
 DS 60 0 0 0
L 2184
F 2182 2184
 LPA 2183
 CAL 2
 POP 0
 LPA 2014
 LV 18
L 2189
 J 0
L 2190
 DS 60 61 0 0
L 2191
F 2189 2191
 LPA 2190
 CAL 2
 POP 0
 LPA 2014
 LV 19
L 2196
 J 0
L 2197
 DS 62 0 0 0
L 2198
F 2196 2198
 LPA 2197
 CAL 2
 POP 0
 LPA 2014
 LV 20
L 2203
 J 0
L 2204
 DS 62 61 0 0
L 2205
F 2203 2205
 LPA 2204
 CAL 2
 POP 0
 LPA 2014
 LV 21
L 2210
 J 0
L 2211
 DS 61 61 0 0
L 2212
F 2210 2212
 LPA 2211
 CAL 2
 POP 0
 LPA 2014
 LV 22
L 2217
 J 0
L 2218
 DS 33 61 0 0
L 2219
F 2217 2219
 LPA 2218
 CAL 2
 POP 0
 LPA 2014
 LV 23
L 2224
 J 0
L 2225
 DS 38 38 0 0
L 2226
F 2224 2226
 LPA 2225
 CAL 2
 POP 0
 LPA 2014
 LV 24
L 2231
 J 0
L 2232
 DS 124 124 0 0
L 2233
F 2231 2233
 LPA 2232
 CAL 2
 POP 0
 LPA 2014
 LV 25
L 2238
 J 0
L 2239
 DS 61 0 0 0
L 2240
F 2238 2240
 LPA 2239
 CAL 2
 POP 0
 LPA 2014
 LV 26
L 2245
 J 0
L 2246
 DS 44 0 0 0
L 2247
F 2245 2247
 LPA 2246
 CAL 2
 POP 0
 LPA 2014
 LV 27
L 2252
 J 0
L 2253
 DS 59 0 0 0
L 2254
F 2252 2254
 LPA 2253
 CAL 2
 POP 0
 LPA 2014
 LV 28
L 2259
 J 0
L 2260
 DS 40 0 0 0
L 2261
F 2259 2261
 LPA 2260
 CAL 2
 POP 0
 LPA 2014
 LV 29
L 2266
 J 0
L 2267
 DS 41 0 0 0
L 2268
F 2266 2268
 LPA 2267
 CAL 2
 POP 0
 LPA 2014
 LV 30
L 2273
 J 0
L 2274
 DS 91 0 0 0
L 2275
F 2273 2275
 LPA 2274
 CAL 2
 POP 0
 LPA 2014
 LV 31
L 2280
 J 0
L 2281
 DS 93 0 0 0
L 2282
F 2280 2282
 LPA 2281
 CAL 2
 POP 0
 LPA 2014
 LV 32
L 2287
 J 0
L 2288
 DS 123 0 0 0
L 2289
F 2287 2289
 LPA 2288
 CAL 2
 POP 0
 LPA 2014
 LV 33
L 2294
 J 0
L 2295
 DS 125 0 0 0
L 2296
F 2294 2296
 LPA 2295
 CAL 2
 POP 0
 LPA 2014
 LV 34
L 2301
 J 0
L 2302
 DS 63 63 63 0
L 2303
F 2301 2303
 LPA 2302
 CAL 2
 POP 0
 LPA 2014
 LV 35
L 2308
 J 0
L 2309
 DS 69 79 70 0
L 2310
F 2308 2310
 LPA 2309
 CAL 2
 POP 0
 LPA 2014
 LV 36
L 2315
 J 0
L 2316
 DS 99 111 109 109
 DS 101 110 116 0
L 2318
F 2315 2318
 LPA 2316
 CAL 2
 POP 0
F 2047 2
 LV 0
 RET 0
L 2323
 J 0
L 2324
 J 0
L 2325
 J 0
L 2326
 J 0
L 2327
 J 0
L 2328
 J 0
L 2329
 J 0
L 2330
 J 0
L 2331
 J 0
L 2332
 J 0
L 2333
 J 0
L 2334
 J 0
L 2335
 J 0
L 2336
 J 0
L 2337
 J 0
L 2338
 J 0
L 2339
 J 0
L 2340
 J 0
L 2341
 J 0
L 2342
 J 0
L 2343
 J 0
L 2344
 J 0
L 2345
 J 0
L 2346
 J 0
L 2347
 J 0
L 2348
 J 0
L 2349
 J 0
L 2350
L 2350
 SET 0
 LA 2
 LV 1
 NEG 0
 TA 0
 POP 0
 LA 2
 DER 0
 LV 0
 >= 0
L 2360
 JF 0
 LPA 9
L 2362
 J 0
L 2363
 DS 33 33 69 82
 DS 82 79 82 33
 DS 33 32 105 110
 DS 32 0 0 0
L 2367
F 2362 2367
 LPA 2363
 LV 2
 CAL 2
 POP 0
 LPA 130
 LGA 129
 DER 0
 LV 2
 CAL 2
 POP 0
 LPA 9
L 2378
 J 0
L 2379
 DS 10 32 83 111
 DS 109 101 116 105
 DS 110 103 32 105
 DS 115 32 108 97
 DS 99 107 32 58
 DS 32 69 110 117
 DS 109 32 110 117
 DS 109 98 101 114
 DS 32 105 115 32
 DS 46 46 46 32
 DS 0 0 0 0
L 2390
F 2378 2390
 LPA 2379
 LV 2
 CAL 2
 POP 0
 LPA 130
 LA 2
 DER 0
 LV 2
 CAL 2
 POP 0
 LPA 9
L 2401
 J 0
L 2402
 DS 10 0 0 0
L 2403
F 2401 2403
 LPA 2402
 LV 2
 CAL 2
 POP 0
L 2407
 J 0
L 2408
F 2360 2408
 LPA 9
L 2409
 J 0
L 2410
 DS 33 33 69 82
 DS 82 79 82 33
 DS 33 32 105 110
 DS 32 0 0 0
L 2414
F 2409 2414
 LPA 2410
 LV 2
 CAL 2
 POP 0
 LPA 130
 LGA 129
 DER 0
 LV 2
 CAL 2
 POP 0
 LPA 9
L 2425
 J 0
L 2426
 DS 10 0 0 0
L 2427
F 2425 2427
 LPA 2426
 LV 2
 CAL 2
 POP 0
 LPA 9
L 2432
 J 0
L 2433
 DS 83 111 109 101
 DS 116 105 110 103
 DS 32 119 114 111
 DS 110 103 33 0
L 2437
F 2432 2437
 LPA 2433
 LV 2
 CAL 2
 POP 0
L 2441
F 2407 2441
F 2350 3
 LV 0
 RET 0
L 2443
F 2323 2443
L 2443
 SET 0
 LGA 130
 DER 0
 LV 6
 == 0
 LGA 130
 DER 0
 LV 7
 == 0
 || 0
 LGA 130
 DER 0
 LV 8
 == 0
 || 0
 LGA 130
 DER 0
 LV 9
 == 0
 || 0
L 2463
 JF 0
 LPA 1848
 CAL 0
 POP 0
L 2467
 J 0
L 2468
F 2463 2468
 LGA 130
 DER 0
 LV 28
 == 0
L 2472
 JF 0
 LPA 1848
 CAL 0
 POP 0
 LPA 2328
 CAL 0
 POP 0
 LGA 130
 DER 0
 LV 29
 == 0
L 2483
 JF 0
 LPA 1848
 CAL 0
 POP 0
L 2487
 J 0
L 2488
F 2483 2488
 LPA 2350
 CAL 0
 POP 0
L 2491
F 2487 2491
L 2491
 J 0
L 2492
F 2472 2492
 LPA 2350
 CAL 0
 POP 0
L 2495
F 2491 2495
L 2495
F 2467 2495
F 2443 2
 LV 0
 RET 0
L 2497
F 2324 2497
L 2497
 SET 0
 LPA 2332
 CAL 0
 POP 0
L 2501
 LGA 130
 DER 0
 LV 10
 == 0
 LGA 130
 DER 0
 LV 11
 == 0
 || 0
L 2510
 JF 0
 LPA 1848
 CAL 0
 POP 0
 LPA 2332
 CAL 0
 POP 0
 J 2501
L 2518
F 2510 2518
F 2497 2
 LV 0
 RET 0
L 2520
F 2325 2520
L 2520
 SET 0
 LPA 2333
 CAL 0
 POP 0
L 2524
 LGA 130
 DER 0
 LV 24
 == 0
L 2528
 JF 0
 LPA 1848
 CAL 0
 POP 0
 LPA 2333
 CAL 0
 POP 0
 J 2524
L 2536
F 2528 2536
F 2520 2
 LV 0
 RET 0
L 2538
F 2326 2538
L 2538
 SET 0
 LPA 2443
 CAL 0
 POP 0
 LGA 130
 DER 0
 LV 30
 == 0
L 2546
 JF 0
 LPA 1848
 CAL 0
 POP 0
 LPA 2328
 CAL 0
 POP 0
 LGA 130
 DER 0
 LV 31
 == 0
L 2557
 JF 0
 LPA 1848
 CAL 0
 POP 0
L 2561
 J 0
L 2562
F 2557 2562
 LPA 2350
 CAL 0
 POP 0
L 2565
F 2561 2565
L 2565
 J 0
L 2566
F 2546 2566
 LGA 130
 DER 0
 LV 28
 == 0
L 2570
 JF 0
 LPA 1848
 CAL 0
 POP 0
 LGA 130
 DER 0
 LV 29
 != 0
L 2578
 JF 0
 LPA 2328
 CAL 0
 POP 0
L 2582
 LGA 130
 DER 0
 LV 26
 == 0
L 2586
 JF 0
 LPA 1848
 CAL 0
 POP 0
 LPA 2328
 CAL 0
 POP 0
 J 2582
L 2594
F 2586 2594
L 2594
F 2578 2594
 LGA 130
 DER 0
 LV 29
 == 0
L 2598
 JF 0
 LPA 1848
 CAL 0
 POP 0
L 2602
 J 0
L 2603
F 2598 2603
 LPA 2350
 CAL 0
 POP 0
L 2606
F 2602 2606
L 2606
F 2570 2606
L 2606
F 2565 2606
F 2538 2
 LV 0
 RET 0
L 2608
F 2327 2608
L 2608
 SET 0
 LPA 2497
 CAL 0
 POP 0
L 2612
 LGA 130
 DER 0
 LV 17
 == 0
 LGA 130
 DER 0
 LV 18
 == 0
 || 0
 LGA 130
 DER 0
 LV 19
 == 0
 || 0
 LGA 130
 DER 0
 LV 20
 == 0
 || 0
L 2631
 JF 0
 LPA 1848
 CAL 0
 POP 0
 LPA 2497
 CAL 0
 POP 0
 J 2612
L 2639
F 2631 2639
F 2608 2
 LV 0
 RET 0
L 2641
F 2328 2641
L 2641
 SET 0
 LPA 2520
 CAL 0
 POP 0
L 2645
 LGA 130
 DER 0
 LV 25
 == 0
L 2649
 JF 0
 LPA 1848
 CAL 0
 POP 0
 LPA 2520
 CAL 0
 POP 0
 J 2645
L 2657
F 2649 2657
F 2641 2
 LV 0
 RET 0
L 2659
F 2329 2659
L 2659
 SET 0
 LGA 130
 DER 0
 LV 10
 == 0
 LGA 130
 DER 0
 LV 11
 == 0
 || 0
 LGA 130
 DER 0
 LV 12
 == 0
 || 0
 LGA 130
 DER 0
 LV 13
 == 0
 || 0
L 2679
 JF 0
 LPA 1848
 CAL 0
 POP 0
 LPA 2659
 CAL 0
 POP 0
L 2686
 J 0
L 2687
F 2679 2687
 LPA 2538
 CAL 0
 POP 0
L 2690
F 2686 2690
F 2659 2
 LV 0
 RET 0
L 2692
F 2330 2692
L 2692
 SET 0
 LPA 2608
 CAL 0
 POP 0
L 2696
 LGA 130
 DER 0
 LV 21
 == 0
 LGA 130
 DER 0
 LV 22
 == 0
 || 0
L 2705
 JF 0
 LPA 1848
 CAL 0
 POP 0
 LPA 2608
 CAL 0
 POP 0
 J 2696
L 2713
F 2705 2713
F 2692 2
 LV 0
 RET 0
L 2715
F 2331 2715
L 2715
 SET 0
 LPA 2497
 CAL 0
 POP 0
F 2715 2
 LV 0
 RET 0
L 2721
F 2332 2721
L 2721
 SET 0
 LPA 2659
 CAL 0
 POP 0
L 2725
 LGA 130
 DER 0
 LV 14
 == 0
 LGA 130
 DER 0
 LV 15
 == 0
 || 0
 LGA 130
 DER 0
 LV 16
 == 0
 || 0
L 2739
 JF 0
 LPA 1848
 CAL 0
 POP 0
 LPA 2659
 CAL 0
 POP 0
 J 2725
L 2747
F 2739 2747
F 2721 2
 LV 0
 RET 0
L 2749
F 2333 2749
L 2749
 SET 0
 LPA 2692
 CAL 0
 POP 0
L 2753
 LGA 130
 DER 0
 LV 23
 == 0
L 2757
 JF 0
 LPA 1848
 CAL 0
 POP 0
 LPA 2692
 CAL 0
 POP 0
 J 2753
L 2765
F 2757 2765
F 2749 2
 LV 0
 RET 0
L 2767
F 2334 2767
L 2767
 SET 0
 LGA 130
 DER 0
 LV 30
 == 0
L 2772
 JF 0
 LPA 1848
 CAL 0
 POP 0
 LPA 2715
 CAL 0
 POP 0
 LGA 130
 DER 0
 LV 31
 == 0
L 2783
 JF 0
 LPA 1848
 CAL 0
 POP 0
L 2787
 J 0
L 2788
F 2783 2788
 LPA 2350
 CAL 0
 POP 0
L 2791
F 2787 2791
L 2791
F 2772 2791
F 2767 2
 LV 0
 RET 0
L 2793
F 2335 2793
L 2793
 SET 0
 LPA 2767
 CAL 0
 POP 0
L 2797
 LGA 130
 DER 0
 LV 26
 == 0
L 2801
 JF 0
 LPA 1848
 CAL 0
 POP 0
 LGA 130
 DER 0
 LV 6
 == 0
L 2809
 JF 0
 LPA 1848
 CAL 0
 POP 0
L 2813
 J 0
L 2814
F 2809 2814
 LPA 2350
 CAL 0
 POP 0
L 2817
F 2813 2817
 LPA 2767
 CAL 0
 POP 0
 J 2797
L 2821
F 2801 2821
 LGA 130
 DER 0
 LV 27
 == 0
L 2825
 JF 0
 LPA 1848
 CAL 0
 POP 0
L 2829
 J 0
L 2830
F 2825 2830
 LPA 2350
 CAL 0
 POP 0
L 2833
F 2829 2833
F 2793 2
 LV 0
 RET 0
L 2835
F 2336 2835
L 2835
 SET 0
 LGA 130
 DER 0
 LV 6
 == 0
L 2840
 JF 0
 LPA 1848
 CAL 0
 POP 0
 LGA 130
 DER 0
 LV 25
 == 0
L 2848
 JF 0
 LPA 1848
 CAL 0
 POP 0
 LPA 2715
 CAL 0
 POP 0
L 2855
F 2848 2855
L 2855
 J 0
L 2856
F 2840 2856
 LPA 2350
 CAL 0
 POP 0
L 2859
F 2855 2859
F 2835 2
 LV 0
 RET 0
L 2861
L 2861
 SET 0
 LGA 130
 DER 0
 LV 1
 == 0
L 2866
 JF 0
 LPA 1848
 CAL 0
 POP 0
 LGA 130
 DER 0
 LV 32
 == 0
L 2874
 JF 0
 LPA 1848
 CAL 0
 POP 0
L 2878
 J 0
L 2879
F 2874 2879
 LPA 2350
 CAL 0
 POP 0
L 2882
F 2878 2882
 LPA 2835
 CAL 0
 POP 0
L 2885
 LGA 130
 DER 0
 LV 26
 == 0
L 2889
 JF 0
 LPA 1848
 CAL 0
 POP 0
 LPA 2835
 CAL 0
 POP 0
 J 2885
L 2897
F 2889 2897
 LGA 130
 DER 0
 LV 33
 == 0
L 2901
 JF 0
 LPA 1848
 CAL 0
 POP 0
L 2905
 J 0
L 2906
F 2901 2906
 LPA 2350
 CAL 0
 POP 0
L 2909
F 2905 2909
 LGA 130
 DER 0
 LV 27
 == 0
L 2913
 JF 0
 LPA 1848
 CAL 0
 POP 0
L 2917
 J 0
L 2918
F 2913 2918
 LPA 2350
 CAL 0
 POP 0
L 2921
F 2917 2921
L 2921
 J 0
L 2922
F 2866 2922
 LPA 2350
 CAL 0
 POP 0
L 2925
F 2921 2925
F 2861 2
 LV 0
 RET 0
L 2927
F 2337 2927
L 2927
 SET 0
 LA 0
 DER 0
 LV 10
 == 0
 LA 0
 DER 0
 LV 11
 == 0
 || 0
 LA 0
 DER 0
 LV 12
 == 0
 || 0
 LA 0
 DER 0
 LV 13
 == 0
 || 0
 LA 0
 DER 0
 LV 6
 == 0
 || 0
 LA 0
 DER 0
 LV 7
 == 0
 || 0
 LA 0
 DER 0
 LV 8
 == 0
 || 0
 LA 0
 DER 0
 LV 9
 == 0
 || 0
 LA 0
 DER 0
 LV 28
 == 0
 || 0
 RET 1
F 2927 3
 LV 0
 RET 1
L 2975
F 2338 2975
L 2975
 SET 0
 LPA 2927
 LGA 130
 CAL 0
L 2979
 JF 0
 LPA 2641
 CAL 0
 POP 0
 LGA 130
 DER 0
 LV 27
 == 0
L 2987
 JF 0
 LPA 1848
 CAL 0
 POP 0
L 2991
 J 0
L 2992
F 2987 2992
 LPA 2350
 CAL 0
 POP 0
L 2995
F 2991 2995
L 2995
 J 0
L 2996
F 2979 2996
 LPA 2350
 CAL 0
 POP 0
L 2999
F 2995 2999
F 2975 2
 LV 0
 RET 0
L 3001
F 2339 3001
L 3001
 SET 0
 LGA 130
 DER 0
 LV 5
 == 0
L 3006
 JF 0
 LPA 1848
 CAL 0
 POP 0
 LGA 130
 DER 0
 LV 28
 == 0
L 3014
 JF 0
 LPA 1848
 CAL 0
 POP 0
L 3018
 J 0
L 3019
F 3014 3019
 LPA 2350
 CAL 0
 POP 0
L 3022
F 3018 3022
 LPA 2641
 CAL 0
 POP 0
 LGA 130
 DER 0
 LV 29
 == 0
L 3029
 JF 0
 LPA 1848
 CAL 0
 POP 0
L 3033
 J 0
L 3034
F 3029 3034
 LPA 2350
 CAL 0
 POP 0
L 3037
F 3033 3037
 LPA 2344
 CAL 0
 POP 0
L 3040
 J 0
L 3041
F 3006 3041
 LPA 2350
 CAL 0
 POP 0
L 3044
F 3040 3044
F 3001 2
 LV 0
 RET 0
L 3046
F 2340 3046
L 3046
 SET 0
 LA 0
 DER 0
 LV 27
 == 0
 LPA 2927
 LA 0
 CAL 0
 || 0
 LA 0
 DER 0
 LV 2
 == 0
 || 0
 LA 0
 DER 0
 LV 5
 == 0
 || 0
 LA 0
 DER 0
 LV 4
 == 0
 || 0
 LA 0
 DER 0
 LV 32
 == 0
 || 0
 RET 1
F 3046 3
 LV 0
 RET 1
L 3078
F 2341 3078
L 3078
 SET 0
 LGA 130
 DER 0
 LV 32
 == 0
L 3083
 JF 0
 LPA 1848
 CAL 0
 POP 0
L 3087
 LGA 130
 DER 0
 LV 3
 == 0
 LGA 130
 DER 0
 LV 1
 == 0
 || 0
L 3096
 JF 0
 LGA 130
 DER 0
 LV 3
 == 0
L 3101
 JF 0
 LPA 1848
 CAL 0
 POP 0
 LGA 130
 DER 0
 LV 6
 == 0
L 3109
 JF 0
 LPA 1848
 CAL 0
 POP 0
L 3113
 J 0
L 3114
F 3109 3114
 LPA 2350
 CAL 0
 POP 0
L 3117
F 3113 3117
 LPA 2793
 CAL 0
 POP 0
L 3120
 J 0
L 3121
F 3101 3121
 LPA 2861
 CAL 0
 POP 0
L 3124
F 3120 3124
 J 3087
L 3125
F 3096 3125
L 3125
 LPA 3046
 LGA 130
 CAL 0
L 3128
 JF 0
 LPA 2344
 CAL 0
 POP 0
 J 3125
L 3133
F 3128 3133
 LGA 130
 DER 0
 LV 33
 == 0
L 3137
 JF 0
 LPA 1848
 CAL 0
 POP 0
L 3141
 J 0
L 3142
F 3137 3142
 LPA 2350
 CAL 0
 POP 0
L 3145
F 3141 3145
L 3145
 J 0
L 3146
F 3083 3146
 LPA 2350
 CAL 0
 POP 0
L 3149
F 3145 3149
F 3078 2
 LV 0
 RET 0
L 3151
F 2342 3151
L 3151
 SET 0
 LGA 130
 DER 0
 LV 2
 == 0
L 3156
 JF 0
 LPA 1848
 CAL 0
 POP 0
 LGA 130
 DER 0
 LV 28
 == 0
L 3164
 JF 0
 LPA 1848
 CAL 0
 POP 0
L 3168
 J 0
L 3169
F 3164 3169
 LPA 2350
 CAL 0
 POP 0
L 3172
F 3168 3172
 LPA 2641
 CAL 0
 POP 0
 LGA 130
 DER 0
 LV 29
 == 0
L 3179
 JF 0
 LPA 1848
 CAL 0
 POP 0
L 3183
 J 0
L 3184
F 3179 3184
 LPA 2350
 CAL 0
 POP 0
L 3187
F 3183 3187
 LPA 2344
 CAL 0
 POP 0
 LGA 130
 DER 0
 LV 0
 == 0
L 3194
 JF 0
 LPA 1848
 CAL 0
 POP 0
 LPA 2344
 CAL 0
 POP 0
L 3201
F 3194 3201
L 3201
 J 0
L 3202
F 3156 3202
 LPA 2350
 CAL 0
 POP 0
L 3205
F 3201 3205
F 3151 2
 LV 0
 RET 0
L 3207
F 2343 3207
L 3207
 SET 0
 LGA 130
 DER 0
 LV 4
 == 0
L 3212
 JF 0
 LPA 1848
 CAL 0
 POP 0
 LPA 2927
 LGA 130
 CAL 0
L 3219
 JF 0
 LPA 2641
 CAL 0
 POP 0
L 3223
F 3219 3223
 LGA 130
 DER 0
 LV 27
 == 0
L 3227
 JF 0
 LPA 1848
 CAL 0
 POP 0
L 3231
 J 0
L 3232
F 3227 3232
 LPA 2350
 CAL 0
 POP 0
L 3235
F 3231 3235
L 3235
 J 0
L 3236
F 3212 3236
 LPA 2350
 CAL 0
 POP 0
L 3239
F 3235 3239
F 3207 2
 LV 0
 RET 0
L 3241
F 2344 3241
L 3241
 SET 0
 LGA 130
 DER 0
 LV 27
 == 0
L 3246
 JF 0
 LPA 1848
 CAL 0
 POP 0
L 3250
 J 0
L 3251
F 3246 3251
 LPA 2927
 LGA 130
 CAL 0
L 3254
 JF 0
 LPA 2975
 CAL 0
 POP 0
L 3258
 J 0
L 3259
F 3254 3259
 LGA 130
 DER 0
 LV 2
 == 0
L 3263
 JF 0
 LPA 3151
 CAL 0
 POP 0
L 3267
 J 0
L 3268
F 3263 3268
 LGA 130
 DER 0
 LV 5
 == 0
L 3272
 JF 0
 LPA 3001
 CAL 0
 POP 0
L 3276
 J 0
L 3277
F 3272 3277
 LGA 130
 DER 0
 LV 4
 == 0
L 3281
 JF 0
 LPA 3207
 CAL 0
 POP 0
L 3285
 J 0
L 3286
F 3281 3286
 LGA 130
 DER 0
 LV 32
 == 0
L 3290
 JF 0
 LPA 3078
 CAL 0
 POP 0
L 3294
 J 0
L 3295
F 3290 3295
 LPA 2350
 CAL 0
 POP 0
L 3298
F 3294 3298
L 3298
F 3285 3298
L 3298
F 3276 3298
L 3298
F 3267 3298
L 3298
F 3258 3298
L 3298
F 3250 3298
F 3241 2
 LV 0
 RET 0
L 3300
F 2345 3300
L 3300
 SET 0
 LA 3
 LV 0
 TA 0
 POP 0
 LGA 130
 DER 0
 LV 3
 == 0
L 3309
 JF 0
 LA 3
 LV 1
 TA 0
 POP 0
 L 0
 LV 1
 + 0
 L 0
 LV 1
 + 0
 DER 0
 LV 1
 + 0
 TA 0
 POP 0
 LPA 1848
 CAL 0
 POP 0
L 3328
F 3309 3328
 LGA 130
 DER 0
 LV 6
 == 0
L 3332
 JF 0
 LA 3
 LV 1
 TA 0
 POP 0
 L 0
 LV 2
 + 0
 L 0
 LV 2
 + 0
 DER 0
 LV 1
 + 0
 TA 0
 POP 0
 LPA 1848
 CAL 0
 POP 0
L 3351
F 3332 3351
 LGA 130
 DER 0
 LV 30
 == 0
L 3355
 JF 0
 LA 3
 DER 0
 LV 0
 == 0
L 3360
 JF 0
 LPA 2350
 CAL 0
 POP 0
L 3364
F 3360 3364
 LPA 1848
 CAL 0
 POP 0
 LGA 130
 DER 0
 LV 31
 == 0
L 3371
 JF 0
 LPA 1848
 CAL 0
 POP 0
L 3375
 J 0
L 3376
F 3371 3376
 LPA 2350
 CAL 0
 POP 0
L 3379
F 3375 3379
L 3379
F 3355 3379
 L 0
 LV 0
 + 0
 L 0
 LV 0
 + 0
 DER 0
 LV 1
 + 0
 TA 0
 POP 0
F 3300 4
 LV 0
 RET 1
L 3392
F 2346 3392
L 3392
 SET 0
 LA 2
 LV 0
 + 0
 LA 2
 LV 1
 + 0
 LPA 0
 LPA 0
 + 0
 LV 0
 TA 0
 TA 0
 TA 0
 POP 0
 LGA 130
 DER 0
 LV 28
 == 0
L 3411
 JF 0
 LPA 1848
 CAL 0
 POP 0
L 3415
 J 0
L 3416
F 3411 3416
 LPA 2350
 CAL 0
 POP 0
L 3419
F 3415 3419
 LGA 130
 DER 0
 LV 29
 != 0
L 3423
 JF 0
 LPA 3300
 LA 2
 CAL 0
 POP 0
L 3428
 LGA 130
 DER 0
 LV 26
 == 0
L 3432
 JF 0
 LPA 1848
 CAL 0
 POP 0
 LPA 3300
 LA 2
 CAL 0
 POP 0
 J 3428
L 3441
F 3432 3441
L 3441
F 3423 3441
 LGA 130
 DER 0
 LV 29
 == 0
L 3445
 JF 0
 LPA 1848
 CAL 0
 POP 0
L 3449
 J 0
L 3450
F 3445 3450
 LPA 2350
 CAL 0
 POP 0
L 3453
F 3449 3453
 LGA 130
 DER 0
 LV 27
 == 0
L 3457
 JF 0
 LA 2
 LV 0
 + 0
 DER 0
 LA 2
 LV 1
 + 0
 DER 0
 != 0
L 3467
 JF 0
 LPA 2350
 CAL 0
 POP 0
L 3471
F 3467 3471
 LPA 1848
 CAL 0
 POP 0
L 3474
 J 0
L 3475
F 3457 3475
 LGA 130
 DER 0
 LV 32
 == 0
L 3479
 JF 0
 LA 2
 LV 0
 + 0
 DER 0
 LA 2
 LV 2
 + 0
 DER 0
 != 0
L 3489
 JF 0
 LPA 2350
 CAL 0
 POP 0
L 3493
F 3489 3493
 LPA 3078
 CAL 0
 POP 0
L 3496
 J 0
L 3497
F 3479 3497
 LPA 2350
 CAL 0
 POP 0
L 3500
F 3496 3500
L 3500
F 3474 3500
F 3392 5
 LV 0
 RET 0
L 3502
F 2347 3502
L 3502
 SET 0
 LA 0
 DER 0
 LV 3
 == 0
 LA 0
 DER 0
 LV 1
 == 0
 || 0
 LA 0
 DER 0
 LV 6
 == 0
 || 0
 RET 1
F 3502 3
 LV 0
 RET 1
L 3520
F 2348 3520
L 3520
 SET 0
 LGA 130
 DER 0
 LV 3
 == 0
L 3525
 JF 0
 LPA 1848
 CAL 0
 POP 0
 LGA 130
 DER 0
 LV 6
 == 0
L 3533
 JF 0
 LPA 1848
 CAL 0
 POP 0
L 3537
 J 0
L 3538
F 3533 3538
 LPA 2350
 CAL 0
 POP 0
L 3541
F 3537 3541
 LGA 130
 DER 0
 LV 28
 == 0
L 3545
 JF 0
 LPA 3392
 CAL 0
 POP 0
L 3549
 J 0
L 3550
F 3545 3550
 LPA 2793
 CAL 0
 POP 0
L 3553
F 3549 3553
L 3553
 J 0
L 3554
F 3525 3554
 LGA 130
 DER 0
 LV 6
 == 0
L 3558
 JF 0
 LPA 1848
 CAL 0
 POP 0
 LPA 3392
 CAL 0
 POP 0
L 3565
 J 0
L 3566
F 3558 3566
 LGA 130
 DER 0
 LV 1
 == 0
L 3570
 JF 0
 LPA 2861
 CAL 0
 POP 0
L 3574
 J 0
L 3575
F 3570 3575
 LPA 2350
 CAL 0
 POP 0
L 3578
F 3574 3578
L 3578
F 3565 3578
L 3578
F 3553 3578
F 3520 2
 LV 0
 RET 0
L 3580
F 2349 3580
L 3580
 SET 0
L 3581
 LPA 3502
 LGA 130
 CAL 0
L 3584
 JF 0
 LPA 3520
 CAL 0
 POP 0
 J 3581
L 3589
F 3584 3589
F 3580 2
 LV 0
 RET 0
L 3591
L 3591
 SET 0
 LPA 1996
 CAL 0
 POP 0
 LPA 1848
 CAL 0
 POP 0
 LPA 3580
 CAL 0
 POP 0
 LGA 130
 DER 0
 LV 35
 == 0
L 3605
 JF 0
 LPA 9
L 3607
 J 0
L 3608
 DS 67 79 82 82
 DS 69 67 84 33
 DS 0 0 0 0
L 3611
F 3607 3611
 LPA 3608
 LV 2
 CAL 2
 POP 0
L 3615
 J 0
L 3616
F 3605 3616
 LPA 2350
 CAL 0
 POP 0
L 3619
F 3615 3619
F 3591 2
 LV 0
 RET 0
E 3591
S 2707
